2020-08-01 00:27:24.560  INFO 2452 --- [main] hello.Application                        : Starting Application on SurfaceLaptop with PID 2452 (C:\Users\Admin\IdeaProjects\demo\target\classes started by Admin in C:\Users\Admin\IdeaProjects\demo)
2020-08-01 00:27:24.697  INFO 2452 --- [main] hello.Application                        : No active profile set, falling back to default profiles: default
2020-08-01 00:27:30.654  WARN 2452 --- [main] o.m.s.mapper.ClassPathMapperScanner      : No MyBatis mapper was found in '[hello]' package. Please check your configuration.
2020-08-01 00:27:31.153  INFO 2452 --- [main] trationDelegate$BeanPostProcessorChecker : Bean 'org.springframework.transaction.annotation.ProxyTransactionManagementConfiguration' of type [org.springframework.transaction.annotation.ProxyTransactionManagementConfiguration] is not eligible for getting processed by all BeanPostProcessors (for example: not eligible for auto-proxying)
2020-08-01 00:27:31.616  INFO 2452 --- [main] o.s.b.w.embedded.tomcat.TomcatWebServer  : Tomcat initialized with port(s): 8888 (http)
2020-08-01 00:27:31.629  INFO 2452 --- [main] o.apache.catalina.core.StandardService   : Starting service [Tomcat]
2020-08-01 00:27:31.630  INFO 2452 --- [main] org.apache.catalina.core.StandardEngine  : Starting Servlet engine: [Apache Tomcat/9.0.29]
2020-08-01 00:27:31.848  INFO 2452 --- [main] o.a.c.c.C.[Tomcat].[localhost].[/]       : Initializing Spring embedded WebApplicationContext
2020-08-01 00:27:31.848  INFO 2452 --- [main] o.s.web.context.ContextLoader            : Root WebApplicationContext: initialization completed in 6939 ms
2020-08-01 00:27:33.872  INFO 2452 --- [main] o.s.s.concurrent.ThreadPoolTaskExecutor  : Initializing ExecutorService 'applicationTaskExecutor'
2020-08-01 00:27:34.598  INFO 2452 --- [main] d.s.w.p.DocumentationPluginsBootstrapper : Context refreshed
2020-08-01 00:27:34.645  INFO 2452 --- [main] d.s.w.p.DocumentationPluginsBootstrapper : Found 1 custom documentation plugin(s)
2020-08-01 00:27:34.707  INFO 2452 --- [main] s.d.s.w.s.ApiListingReferenceScanner     : Scanning for api listing references
2020-08-01 00:27:36.316  INFO 2452 --- [main] o.s.b.w.embedded.tomcat.TomcatWebServer  : Tomcat started on port(s): 8888 (http) with context path ''
2020-08-01 00:27:36.333  INFO 2452 --- [main] hello.Application                        : Started Application in 12.87 seconds (JVM running for 15.177)
2020-08-01 00:28:36.203  INFO 2452 --- [http-nio-8888-exec-2] o.a.c.c.C.[Tomcat].[localhost].[/]       : Initializing Spring DispatcherServlet 'dispatcherServlet'
2020-08-01 00:28:36.204  INFO 2452 --- [http-nio-8888-exec-2] o.s.web.servlet.DispatcherServlet        : Initializing Servlet 'dispatcherServlet'
2020-08-01 00:28:36.227  INFO 2452 --- [http-nio-8888-exec-2] o.s.web.servlet.DispatcherServlet        : Completed initialization in 21 ms
2020-08-01 00:29:26.016  INFO 11660 --- [main] hello.Application                        : Starting Application on SurfaceLaptop with PID 11660 (C:\Users\Admin\IdeaProjects\demo\target\classes started by Admin in C:\Users\Admin\IdeaProjects\demo)
2020-08-01 00:29:26.026  INFO 11660 --- [main] hello.Application                        : No active profile set, falling back to default profiles: default
2020-08-01 00:29:30.924  WARN 11660 --- [main] o.m.s.mapper.ClassPathMapperScanner      : No MyBatis mapper was found in '[hello]' package. Please check your configuration.
2020-08-01 00:29:31.460  INFO 11660 --- [main] trationDelegate$BeanPostProcessorChecker : Bean 'org.springframework.transaction.annotation.ProxyTransactionManagementConfiguration' of type [org.springframework.transaction.annotation.ProxyTransactionManagementConfiguration] is not eligible for getting processed by all BeanPostProcessors (for example: not eligible for auto-proxying)
2020-08-01 00:29:31.886  INFO 11660 --- [main] o.s.b.w.embedded.tomcat.TomcatWebServer  : Tomcat initialized with port(s): 8888 (http)
2020-08-01 00:29:31.902  INFO 11660 --- [main] o.apache.catalina.core.StandardService   : Starting service [Tomcat]
2020-08-01 00:29:31.902  INFO 11660 --- [main] org.apache.catalina.core.StandardEngine  : Starting Servlet engine: [Apache Tomcat/9.0.29]
2020-08-01 00:29:32.101  INFO 11660 --- [main] o.a.c.c.C.[Tomcat].[localhost].[/]       : Initializing Spring embedded WebApplicationContext
2020-08-01 00:29:32.104  INFO 11660 --- [main] o.s.web.context.ContextLoader            : Root WebApplicationContext: initialization completed in 5788 ms
2020-08-01 00:29:33.381  INFO 11660 --- [main] o.s.s.concurrent.ThreadPoolTaskExecutor  : Initializing ExecutorService 'applicationTaskExecutor'
2020-08-01 00:29:33.744  INFO 11660 --- [main] d.s.w.p.DocumentationPluginsBootstrapper : Context refreshed
2020-08-01 00:29:33.772  INFO 11660 --- [main] d.s.w.p.DocumentationPluginsBootstrapper : Found 1 custom documentation plugin(s)
2020-08-01 00:29:33.796  INFO 11660 --- [main] s.d.s.w.s.ApiListingReferenceScanner     : Scanning for api listing references
2020-08-01 00:29:34.404  INFO 11660 --- [main] o.s.b.w.embedded.tomcat.TomcatWebServer  : Tomcat started on port(s): 8888 (http) with context path ''
2020-08-01 00:29:34.412  INFO 11660 --- [main] hello.Application                        : Started Application in 10.16 seconds (JVM running for 13.95)
2020-08-01 00:29:38.825  INFO 11660 --- [http-nio-8888-exec-1] o.a.c.c.C.[Tomcat].[localhost].[/]       : Initializing Spring DispatcherServlet 'dispatcherServlet'
2020-08-01 00:29:38.826  INFO 11660 --- [http-nio-8888-exec-1] o.s.web.servlet.DispatcherServlet        : Initializing Servlet 'dispatcherServlet'
2020-08-01 00:29:38.842  INFO 11660 --- [http-nio-8888-exec-1] o.s.web.servlet.DispatcherServlet        : Completed initialization in 15 ms
2020-08-01 00:47:24.287  INFO 7896 --- [main] hello.Application                        : Starting Application on SurfaceLaptop with PID 7896 (C:\Users\Admin\IdeaProjects\demo\target\classes started by Admin in C:\Users\Admin\IdeaProjects\demo)
2020-08-01 00:47:24.291  INFO 7896 --- [main] hello.Application                        : No active profile set, falling back to default profiles: default
2020-08-01 00:47:28.090  WARN 7896 --- [main] o.m.s.mapper.ClassPathMapperScanner      : No MyBatis mapper was found in '[hello]' package. Please check your configuration.
2020-08-01 00:47:28.387  INFO 7896 --- [main] trationDelegate$BeanPostProcessorChecker : Bean 'org.springframework.transaction.annotation.ProxyTransactionManagementConfiguration' of type [org.springframework.transaction.annotation.ProxyTransactionManagementConfiguration] is not eligible for getting processed by all BeanPostProcessors (for example: not eligible for auto-proxying)
2020-08-01 00:47:28.671  INFO 7896 --- [main] o.s.b.w.embedded.tomcat.TomcatWebServer  : Tomcat initialized with port(s): 8888 (http)
2020-08-01 00:47:28.682  INFO 7896 --- [main] o.apache.catalina.core.StandardService   : Starting service [Tomcat]
2020-08-01 00:47:28.682  INFO 7896 --- [main] org.apache.catalina.core.StandardEngine  : Starting Servlet engine: [Apache Tomcat/9.0.29]
2020-08-01 00:47:28.817  INFO 7896 --- [main] o.a.c.c.C.[Tomcat].[localhost].[/]       : Initializing Spring embedded WebApplicationContext
2020-08-01 00:47:28.818  INFO 7896 --- [main] o.s.web.context.ContextLoader            : Root WebApplicationContext: initialization completed in 4412 ms
2020-08-01 00:47:29.711  INFO 7896 --- [main] o.s.s.concurrent.ThreadPoolTaskExecutor  : Initializing ExecutorService 'applicationTaskExecutor'
2020-08-01 00:47:29.914  INFO 7896 --- [main] d.s.w.p.DocumentationPluginsBootstrapper : Context refreshed
2020-08-01 00:47:29.930  INFO 7896 --- [main] d.s.w.p.DocumentationPluginsBootstrapper : Found 1 custom documentation plugin(s)
2020-08-01 00:47:29.942  INFO 7896 --- [main] s.d.s.w.s.ApiListingReferenceScanner     : Scanning for api listing references
2020-08-01 00:47:30.299  INFO 7896 --- [main] o.s.b.w.embedded.tomcat.TomcatWebServer  : Tomcat started on port(s): 8888 (http) with context path ''
2020-08-01 00:47:30.304  INFO 7896 --- [main] hello.Application                        : Started Application in 7.146 seconds (JVM running for 9.085)
2020-08-01 00:47:33.621  INFO 7896 --- [http-nio-8888-exec-1] o.a.c.c.C.[Tomcat].[localhost].[/]       : Initializing Spring DispatcherServlet 'dispatcherServlet'
2020-08-01 00:47:33.622  INFO 7896 --- [http-nio-8888-exec-1] o.s.web.servlet.DispatcherServlet        : Initializing Servlet 'dispatcherServlet'
2020-08-01 00:47:33.634  INFO 7896 --- [http-nio-8888-exec-1] o.s.web.servlet.DispatcherServlet        : Completed initialization in 12 ms
2020-08-01 00:51:40.066  INFO 11032 --- [main] hello.Application                        : Starting Application on SurfaceLaptop with PID 11032 (C:\Users\Admin\IdeaProjects\demo\target\classes started by Admin in C:\Users\Admin\IdeaProjects\demo)
2020-08-01 00:51:40.071  INFO 11032 --- [main] hello.Application                        : No active profile set, falling back to default profiles: default
2020-08-01 00:51:42.630  WARN 11032 --- [main] o.m.s.mapper.ClassPathMapperScanner      : No MyBatis mapper was found in '[hello]' package. Please check your configuration.
2020-08-01 00:51:42.880  INFO 11032 --- [main] trationDelegate$BeanPostProcessorChecker : Bean 'org.springframework.transaction.annotation.ProxyTransactionManagementConfiguration' of type [org.springframework.transaction.annotation.ProxyTransactionManagementConfiguration] is not eligible for getting processed by all BeanPostProcessors (for example: not eligible for auto-proxying)
2020-08-01 00:51:43.133  INFO 11032 --- [main] o.s.b.w.embedded.tomcat.TomcatWebServer  : Tomcat initialized with port(s): 8888 (http)
2020-08-01 00:51:43.144  INFO 11032 --- [main] o.apache.catalina.core.StandardService   : Starting service [Tomcat]
2020-08-01 00:51:43.144  INFO 11032 --- [main] org.apache.catalina.core.StandardEngine  : Starting Servlet engine: [Apache Tomcat/9.0.29]
2020-08-01 00:51:43.275  INFO 11032 --- [main] o.a.c.c.C.[Tomcat].[localhost].[/]       : Initializing Spring embedded WebApplicationContext
2020-08-01 00:51:43.276  INFO 11032 --- [main] o.s.web.context.ContextLoader            : Root WebApplicationContext: initialization completed in 3133 ms
2020-08-01 00:51:44.113  INFO 11032 --- [main] o.s.s.concurrent.ThreadPoolTaskExecutor  : Initializing ExecutorService 'applicationTaskExecutor'
2020-08-01 00:51:44.288  INFO 11032 --- [main] d.s.w.p.DocumentationPluginsBootstrapper : Context refreshed
2020-08-01 00:51:44.300  INFO 11032 --- [main] d.s.w.p.DocumentationPluginsBootstrapper : Found 1 custom documentation plugin(s)
2020-08-01 00:51:44.311  INFO 11032 --- [main] s.d.s.w.s.ApiListingReferenceScanner     : Scanning for api listing references
2020-08-01 00:51:44.605  INFO 11032 --- [main] o.s.b.w.embedded.tomcat.TomcatWebServer  : Tomcat started on port(s): 8888 (http) with context path ''
2020-08-01 00:51:44.609  INFO 11032 --- [main] hello.Application                        : Started Application in 5.243 seconds (JVM running for 6.511)
2020-08-01 00:51:53.001  INFO 11032 --- [http-nio-8888-exec-1] o.a.c.c.C.[Tomcat].[localhost].[/]       : Initializing Spring DispatcherServlet 'dispatcherServlet'
2020-08-01 00:51:53.001  INFO 11032 --- [http-nio-8888-exec-1] o.s.web.servlet.DispatcherServlet        : Initializing Servlet 'dispatcherServlet'
2020-08-01 00:51:53.012  INFO 11032 --- [http-nio-8888-exec-1] o.s.web.servlet.DispatcherServlet        : Completed initialization in 11 ms
2020-08-01 00:52:37.202  INFO 4204 --- [main] hello.Application                        : Starting Application on SurfaceLaptop with PID 4204 (C:\Users\Admin\IdeaProjects\demo\target\classes started by Admin in C:\Users\Admin\IdeaProjects\demo)
2020-08-01 00:52:37.205  INFO 4204 --- [main] hello.Application                        : No active profile set, falling back to default profiles: default
2020-08-01 00:52:39.864  WARN 4204 --- [main] o.m.s.mapper.ClassPathMapperScanner      : No MyBatis mapper was found in '[hello]' package. Please check your configuration.
2020-08-01 00:52:40.112  INFO 4204 --- [main] trationDelegate$BeanPostProcessorChecker : Bean 'org.springframework.transaction.annotation.ProxyTransactionManagementConfiguration' of type [org.springframework.transaction.annotation.ProxyTransactionManagementConfiguration] is not eligible for getting processed by all BeanPostProcessors (for example: not eligible for auto-proxying)
2020-08-01 00:52:40.344  INFO 4204 --- [main] o.s.b.w.embedded.tomcat.TomcatWebServer  : Tomcat initialized with port(s): 8888 (http)
2020-08-01 00:52:40.356  INFO 4204 --- [main] o.apache.catalina.core.StandardService   : Starting service [Tomcat]
2020-08-01 00:52:40.356  INFO 4204 --- [main] org.apache.catalina.core.StandardEngine  : Starting Servlet engine: [Apache Tomcat/9.0.29]
2020-08-01 00:52:40.466  INFO 4204 --- [main] o.a.c.c.C.[Tomcat].[localhost].[/]       : Initializing Spring embedded WebApplicationContext
2020-08-01 00:52:40.467  INFO 4204 --- [main] o.s.web.context.ContextLoader            : Root WebApplicationContext: initialization completed in 3159 ms
2020-08-01 00:52:41.174  INFO 4204 --- [main] o.s.s.concurrent.ThreadPoolTaskExecutor  : Initializing ExecutorService 'applicationTaskExecutor'
2020-08-01 00:52:41.389  INFO 4204 --- [main] d.s.w.p.DocumentationPluginsBootstrapper : Context refreshed
2020-08-01 00:52:41.402  INFO 4204 --- [main] d.s.w.p.DocumentationPluginsBootstrapper : Found 1 custom documentation plugin(s)
2020-08-01 00:52:41.415  INFO 4204 --- [main] s.d.s.w.s.ApiListingReferenceScanner     : Scanning for api listing references
2020-08-01 00:52:41.713  INFO 4204 --- [main] o.s.b.w.embedded.tomcat.TomcatWebServer  : Tomcat started on port(s): 8888 (http) with context path ''
2020-08-01 00:52:41.717  INFO 4204 --- [main] hello.Application                        : Started Application in 5.158 seconds (JVM running for 6.396)
2020-08-01 00:52:43.508  INFO 4204 --- [http-nio-8888-exec-2] o.a.c.c.C.[Tomcat].[localhost].[/]       : Initializing Spring DispatcherServlet 'dispatcherServlet'
2020-08-01 00:52:43.509  INFO 4204 --- [http-nio-8888-exec-2] o.s.web.servlet.DispatcherServlet        : Initializing Servlet 'dispatcherServlet'
2020-08-01 00:52:43.519  INFO 4204 --- [http-nio-8888-exec-2] o.s.web.servlet.DispatcherServlet        : Completed initialization in 10 ms
2020-08-01 00:59:27.045  INFO 5872 --- [main] hello.Application                        : Starting Application on SurfaceLaptop with PID 5872 (C:\Users\Admin\IdeaProjects\demo\target\classes started by Admin in C:\Users\Admin\IdeaProjects\demo)
2020-08-01 00:59:27.049  INFO 5872 --- [main] hello.Application                        : No active profile set, falling back to default profiles: default
2020-08-01 00:59:30.570  WARN 5872 --- [main] o.m.s.mapper.ClassPathMapperScanner      : No MyBatis mapper was found in '[hello]' package. Please check your configuration.
2020-08-01 00:59:30.866  INFO 5872 --- [main] trationDelegate$BeanPostProcessorChecker : Bean 'org.springframework.transaction.annotation.ProxyTransactionManagementConfiguration' of type [org.springframework.transaction.annotation.ProxyTransactionManagementConfiguration] is not eligible for getting processed by all BeanPostProcessors (for example: not eligible for auto-proxying)
2020-08-01 00:59:31.167  INFO 5872 --- [main] o.s.b.w.embedded.tomcat.TomcatWebServer  : Tomcat initialized with port(s): 8888 (http)
2020-08-01 00:59:31.178  INFO 5872 --- [main] o.apache.catalina.core.StandardService   : Starting service [Tomcat]
2020-08-01 00:59:31.178  INFO 5872 --- [main] org.apache.catalina.core.StandardEngine  : Starting Servlet engine: [Apache Tomcat/9.0.29]
2020-08-01 00:59:31.331  INFO 5872 --- [main] o.a.c.c.C.[Tomcat].[localhost].[/]       : Initializing Spring embedded WebApplicationContext
2020-08-01 00:59:31.332  INFO 5872 --- [main] o.s.web.context.ContextLoader            : Root WebApplicationContext: initialization completed in 4197 ms
2020-08-01 00:59:32.211  INFO 5872 --- [main] o.s.s.concurrent.ThreadPoolTaskExecutor  : Initializing ExecutorService 'applicationTaskExecutor'
2020-08-01 00:59:32.431  INFO 5872 --- [main] d.s.w.p.DocumentationPluginsBootstrapper : Context refreshed
2020-08-01 00:59:32.450  INFO 5872 --- [main] d.s.w.p.DocumentationPluginsBootstrapper : Found 1 custom documentation plugin(s)
2020-08-01 00:59:32.465  INFO 5872 --- [main] s.d.s.w.s.ApiListingReferenceScanner     : Scanning for api listing references
2020-08-01 00:59:32.857  INFO 5872 --- [main] o.s.b.w.embedded.tomcat.TomcatWebServer  : Tomcat started on port(s): 8888 (http) with context path ''
2020-08-01 00:59:32.862  INFO 5872 --- [main] hello.Application                        : Started Application in 6.615 seconds (JVM running for 8.313)
2020-08-01 00:59:41.480  INFO 5872 --- [http-nio-8888-exec-2] o.a.c.c.C.[Tomcat].[localhost].[/]       : Initializing Spring DispatcherServlet 'dispatcherServlet'
2020-08-01 00:59:41.481  INFO 5872 --- [http-nio-8888-exec-2] o.s.web.servlet.DispatcherServlet        : Initializing Servlet 'dispatcherServlet'
2020-08-01 00:59:41.489  INFO 5872 --- [http-nio-8888-exec-2] o.s.web.servlet.DispatcherServlet        : Completed initialization in 8 ms
2020-08-01 01:07:42.896  INFO 15736 --- [main] hello.Application                        : Starting Application on SurfaceLaptop with PID 15736 (C:\Users\Admin\IdeaProjects\demo\target\classes started by Admin in C:\Users\Admin\IdeaProjects\demo)
2020-08-01 01:07:42.900  INFO 15736 --- [main] hello.Application                        : No active profile set, falling back to default profiles: default
2020-08-01 01:07:45.653  WARN 15736 --- [main] o.m.s.mapper.ClassPathMapperScanner      : No MyBatis mapper was found in '[hello]' package. Please check your configuration.
2020-08-01 01:07:45.932  INFO 15736 --- [main] trationDelegate$BeanPostProcessorChecker : Bean 'org.springframework.transaction.annotation.ProxyTransactionManagementConfiguration' of type [org.springframework.transaction.annotation.ProxyTransactionManagementConfiguration] is not eligible for getting processed by all BeanPostProcessors (for example: not eligible for auto-proxying)
2020-08-01 01:07:46.215  INFO 15736 --- [main] o.s.b.w.embedded.tomcat.TomcatWebServer  : Tomcat initialized with port(s): 8888 (http)
2020-08-01 01:07:46.227  INFO 15736 --- [main] o.apache.catalina.core.StandardService   : Starting service [Tomcat]
2020-08-01 01:07:46.227  INFO 15736 --- [main] org.apache.catalina.core.StandardEngine  : Starting Servlet engine: [Apache Tomcat/9.0.29]
2020-08-01 01:07:46.368  INFO 15736 --- [main] o.a.c.c.C.[Tomcat].[localhost].[/]       : Initializing Spring embedded WebApplicationContext
2020-08-01 01:07:46.368  INFO 15736 --- [main] o.s.web.context.ContextLoader            : Root WebApplicationContext: initialization completed in 3377 ms
2020-08-01 01:07:47.175  INFO 15736 --- [main] o.s.s.concurrent.ThreadPoolTaskExecutor  : Initializing ExecutorService 'applicationTaskExecutor'
2020-08-01 01:07:47.485  INFO 15736 --- [main] d.s.w.p.DocumentationPluginsBootstrapper : Context refreshed
2020-08-01 01:07:47.507  INFO 15736 --- [main] d.s.w.p.DocumentationPluginsBootstrapper : Found 1 custom documentation plugin(s)
2020-08-01 01:07:47.526  INFO 15736 --- [main] s.d.s.w.s.ApiListingReferenceScanner     : Scanning for api listing references
2020-08-01 01:07:48.035  INFO 15736 --- [main] o.s.b.w.embedded.tomcat.TomcatWebServer  : Tomcat started on port(s): 8888 (http) with context path ''
2020-08-01 01:07:48.039  INFO 15736 --- [main] hello.Application                        : Started Application in 5.836 seconds (JVM running for 6.958)
2020-08-01 01:07:50.883  INFO 15736 --- [http-nio-8888-exec-1] o.a.c.c.C.[Tomcat].[localhost].[/]       : Initializing Spring DispatcherServlet 'dispatcherServlet'
2020-08-01 01:07:50.884  INFO 15736 --- [http-nio-8888-exec-1] o.s.web.servlet.DispatcherServlet        : Initializing Servlet 'dispatcherServlet'
2020-08-01 01:07:50.894  INFO 15736 --- [http-nio-8888-exec-1] o.s.web.servlet.DispatcherServlet        : Completed initialization in 10 ms
